[2026-05-17 17:21:30,244] 1025 httpx - INFO - HTTP Request: GET https://dagshub.com/api/v1/user "HTTP/1.1 200 OK"
[2026-05-17 17:21:30,252] 107 dagshub - INFO - Accessing as vinugarg2005-cell
[2026-05-17 17:21:31,112] 1025 httpx - INFO - HTTP Request: GET https://dagshub.com/api/v1/repos/vinugarg2005-cell/networksecurity "HTTP/1.1 200 OK"
[2026-05-17 17:21:31,878] 1025 httpx - INFO - HTTP Request: GET https://dagshub.com/api/v1/user "HTTP/1.1 200 OK"
[2026-05-17 17:21:31,880] 107 dagshub - INFO - Initialized MLflow to track repo "vinugarg2005-cell/networksecurity"
[2026-05-17 17:21:31,881] 107 dagshub - INFO - Repository vinugarg2005-cell/networksecurity initialized!
[2026-05-17 17:21:31,881] 18 root - INFO - Initiate the data ingestion
[2026-05-17 17:21:33,798] 71 root - INFO - Performed train test split on the dataframe
[2026-05-17 17:21:33,798] 73 root - INFO - Exited split_data_as_train_test method of Data INgestion Class
[2026-05-17 17:21:33,799] 78 root - INFO - Exporting train and test file path
[2026-05-17 17:21:33,834] 87 root - INFO - Exported train and test file path
[2026-05-17 17:21:33,834] 21 root - INFO - Data ingestion completed
[2026-05-17 17:21:33,836] 26 root - INFO - Initiate the data Validation
[2026-05-17 17:21:33,847] 35 root - INFO - Required number of columns:2
[2026-05-17 17:21:33,847] 36 root - INFO - Dataframe has columns:31
[2026-05-17 17:21:33,847] 35 root - INFO - Required number of columns:2
[2026-05-17 17:21:33,847] 36 root - INFO - Dataframe has columns:31
[2026-05-17 17:21:33,940] 28 root - INFO - data Validation completed
[2026-05-17 17:21:33,940] 33 root - INFO - Data Transformation Started
[2026-05-17 17:21:33,940] 63 root - INFO - Entered initiate_data_transformation method of DataTransformation Class
[2026-05-17 17:21:33,940] 65 root - INFO - Starting Data Transformation
[2026-05-17 17:21:33,950] 48 root - INFO - Entered get_data_transformer_object method of Trnasformation class
[2026-05-17 17:21:33,950] 53 root - INFO - Initialise KNNImputer with {'missing_values': nan, 'n_neighbors': 3, 'weights': 'uniform'}
[2026-05-17 17:21:33,956] 47 root - INFO - Entered the save_object method of MainUtils class
[2026-05-17 17:21:33,960] 51 root - INFO - Exited the save_object method of MainUtils class
[2026-05-17 17:21:33,960] 47 root - INFO - Entered the save_object method of MainUtils class
[2026-05-17 17:21:33,964] 51 root - INFO - Exited the save_object method of MainUtils class
[2026-05-17 17:21:33,965] 37 root - INFO - Data Transformation Completed
[2026-05-17 17:21:33,965] 39 root - INFO - Model Training sstared
